Using pre-set license
Built from '2021.3/staging' branch; Version is '2021.3.25f1 (68ef2c4f8861) revision 6876972'; Using compiler version '192829333'; Build Type 'Release'
OS: 'Windows 11  (10.0.22631) 64bit Core' Language: 'it' Physical Memory: 16169 MB
BatchMode: 1, IsHumanControllingUs: 0, StartBugReporterOnCrash: 0, Is64bit: 1, IsPro: 1

COMMAND LINE ARGUMENTS:
D:\Unity\2021.3.25f1\Editor\Unity.exe
-adb2
-batchMode
-noUpm
-name
AssetImportWorker4
-projectPath
D:/Unity/Projects/Fps
-logFile
Logs/AssetImportWorker4.log
-srvPort
63505
Successfully changed project path to: D:/Unity/Projects/Fps
D:/Unity/Projects/Fps
[UnityMemory] Configuration Parameters - Can be set up in boot.config
    "memorysetup-bucket-allocator-granularity=16"
    "memorysetup-bucket-allocator-bucket-count=8"
    "memorysetup-bucket-allocator-block-size=33554432"
    "memorysetup-bucket-allocator-block-count=8"
    "memorysetup-main-allocator-block-size=16777216"
    "memorysetup-thread-allocator-block-size=16777216"
    "memorysetup-gfx-main-allocator-block-size=16777216"
    "memorysetup-gfx-thread-allocator-block-size=16777216"
    "memorysetup-cache-allocator-block-size=4194304"
    "memorysetup-typetree-allocator-block-size=2097152"
    "memorysetup-profiler-bucket-allocator-granularity=16"
    "memorysetup-profiler-bucket-allocator-bucket-count=8"
    "memorysetup-profiler-bucket-allocator-block-size=33554432"
    "memorysetup-profiler-bucket-allocator-block-count=8"
    "memorysetup-profiler-allocator-block-size=16777216"
    "memorysetup-profiler-editor-allocator-block-size=1048576"
    "memorysetup-temp-allocator-size-main=16777216"
    "memorysetup-job-temp-allocator-block-size=2097152"
    "memorysetup-job-temp-allocator-block-size-background=1048576"
    "memorysetup-job-temp-allocator-reduction-small-platforms=262144"
    "memorysetup-temp-allocator-size-background-worker=32768"
    "memorysetup-temp-allocator-size-job-worker=262144"
    "memorysetup-temp-allocator-size-preload-manager=33554432"
    "memorysetup-temp-allocator-size-nav-mesh-worker=65536"
    "memorysetup-temp-allocator-size-audio-worker=65536"
    "memorysetup-temp-allocator-size-cloud-worker=32768"
    "memorysetup-temp-allocator-size-gi-baking-worker=262144"
    "memorysetup-temp-allocator-size-gfx=262144"
Player connection [22664] Host "[IP] 172.16.248.100 [Port] 0 [Flags] 2 [Guid] 2050514586 [EditorId] 2050514586 [Version] 1048832 [Id] WindowsEditor(7,DESKTOP-ML72153) [Debug] 1 [PackageName] WindowsEditor [ProjectName] Editor" joined multi-casting on [225.0.0.222:54997]...

Player connection [22664] Host "[IP] 172.16.248.100 [Port] 0 [Flags] 2 [Guid] 2050514586 [EditorId] 2050514586 [Version] 1048832 [Id] WindowsEditor(7,DESKTOP-ML72153) [Debug] 1 [PackageName] WindowsEditor [ProjectName] Editor" joined alternative multi-casting on [225.0.0.222:34997]...

Refreshing native plugins compatible for Editor in 171.00 ms, found 3 plugins.
Preloading 0 native plugins for Editor in 0.00 ms.
Initialize engine version: 2021.3.25f1 (68ef2c4f8861)
[Subsystems] Discovering subsystems at path D:/Unity/2021.3.25f1/Editor/Data/Resources/UnitySubsystems
[Subsystems] Discovering subsystems at path D:/Unity/Projects/Fps/Assets
GfxDevice: creating device client; threaded=0; jobified=0
Direct3D:
    Version:  Direct3D 11.0 [level 11.1]
    Renderer: NVIDIA GeForce RTX 2060 (ID=0x1f15)
    Vendor:   NVIDIA
    VRAM:     5955 MB
    Driver:   32.0.15.5585
Initialize mono
Mono path[0] = 'D:/Unity/2021.3.25f1/Editor/Data/Managed'
Mono path[1] = 'D:/Unity/2021.3.25f1/Editor/Data/MonoBleedingEdge/lib/mono/unityjit-win32'
Mono config path = 'D:/Unity/2021.3.25f1/Editor/Data/MonoBleedingEdge/etc'
Using monoOptions --debugger-agent=transport=dt_socket,embedding=1,server=y,suspend=n,address=127.0.0.1:56332
Begin MonoManager ReloadAssembly
Registering precompiled unity dll's ...
Register platform support module: D:/Unity/2021.3.25f1/Editor/Data/PlaybackEngines/WindowsStandaloneSupport/UnityEditor.WindowsStandalone.Extensions.dll
Registered in 0.001507 seconds.
Native extension for WindowsStandalone target not found
Refreshing native plugins compatible for Editor in 105.01 ms, found 3 plugins.
Preloading 0 native plugins for Editor in 0.00 ms.
Mono: successfully reloaded assembly
- Completed reload, in  0.694 seconds
Domain Reload Profiling:
	ReloadAssembly (695ms)
		BeginReloadAssembly (83ms)
			ExecutionOrderSort (0ms)
			DisableScriptedObjects (0ms)
			BackupInstance (0ms)
			ReleaseScriptingObjects (0ms)
			CreateAndSetChildDomain (1ms)
		EndReloadAssembly (521ms)
			LoadAssemblies (81ms)
			RebuildTransferFunctionScriptingTraits (0ms)
			SetupTypeCache (95ms)
			ReleaseScriptCaches (0ms)
			RebuildScriptCaches (36ms)
			SetupLoadedEditorAssemblies (330ms)
				LogAssemblyErrors (0ms)
				InitializePlatformSupportModulesInManaged (8ms)
				SetLoadedEditorAssemblies (0ms)
				RefreshPlugins (105ms)
				BeforeProcessingInitializeOnLoad (2ms)
				ProcessInitializeOnLoadAttributes (161ms)
				ProcessInitializeOnLoadMethodAttributes (53ms)
				AfterProcessingInitializeOnLoad (0ms)
				EditorAssembliesLoaded (0ms)
			ExecutionOrderSort2 (0ms)
			AwakeInstancesAfterBackupRestoration (0ms)
Platform modules already initialized, skipping
Registering precompiled user dll's ...
Registered in 0.004554 seconds.
Begin MonoManager ReloadAssembly
Symbol file LoadedFromMemory doesn't match image D:\Unity\Projects\Fps\Library\PackageCache\com.unity.visualscripting@1.8.0\Editor\VisualScripting.Core\Dependencies\YamlDotNet\Unity.VisualScripting.YamlDotNet.dll
Symbol file LoadedFromMemory doesn't match image D:\Unity\Projects\Fps\Library\PackageCache\com.unity.visualscripting@1.8.0\Editor\VisualScripting.Core\Dependencies\DotNetZip\Unity.VisualScripting.IonicZip.dll
Native extension for WindowsStandalone target not found
Refreshing native plugins compatible for Editor in 106.04 ms, found 3 plugins.
Preloading 0 native plugins for Editor in 0.00 ms.
Mono: successfully reloaded assembly
- Completed reload, in  1.403 seconds
Domain Reload Profiling:
	ReloadAssembly (1404ms)
		BeginReloadAssembly (139ms)
			ExecutionOrderSort (0ms)
			DisableScriptedObjects (10ms)
			BackupInstance (0ms)
			ReleaseScriptingObjects (0ms)
			CreateAndSetChildDomain (23ms)
		EndReloadAssembly (1164ms)
			LoadAssemblies (101ms)
			RebuildTransferFunctionScriptingTraits (0ms)
			SetupTypeCache (328ms)
			ReleaseScriptCaches (1ms)
			RebuildScriptCaches (72ms)
			SetupLoadedEditorAssemblies (622ms)
				LogAssemblyErrors (0ms)
				InitializePlatformSupportModulesInManaged (3ms)
				SetLoadedEditorAssemblies (0ms)
				RefreshPlugins (106ms)
				BeforeProcessingInitializeOnLoad (107ms)
				ProcessInitializeOnLoadAttributes (317ms)
				ProcessInitializeOnLoadMethodAttributes (86ms)
				AfterProcessingInitializeOnLoad (2ms)
				EditorAssembliesLoaded (0ms)
			ExecutionOrderSort2 (0ms)
			AwakeInstancesAfterBackupRestoration (6ms)
Platform modules already initialized, skipping
========================================================================
Worker process is ready to serve import requests
Launched and connected shader compiler UnityShaderCompiler.exe after 0.05 seconds
Refreshing native plugins compatible for Editor in 1.02 ms, found 3 plugins.
Preloading 0 native plugins for Editor in 0.00 ms.
Unloading 5227 Unused Serialized files (Serialized files now loaded: 0)
Unloading 47 unused Assets / (1.9 MB). Loaded Objects now: 5679.
Memory consumption went from 291.3 MB to 289.3 MB.
Total: 4.459800 ms (FindLiveObjects: 0.508500 ms CreateObjectMapping: 0.494100 ms MarkObjects: 2.911900 ms  DeleteObjects: 0.544400 ms)

AssetImportParameters requested are different than current active one (requested -> active):
  custom:video-decoder-ogg-theora: a1e56fd34408186e4bbccfd4996cb3dc -> 
  custom:container-muxer-webm: aa71ff27fc2769a1b78a27578f13a17b -> 
  custom:container-demuxer-webm: 4f35f7cbe854078d1ac9338744f61a02 -> 
  custom:video-encoder-webm-vp8: eb34c28f22e8b96e1ab97ce403110664 -> 
  custom:audio-encoder-webm-vorbis: bf7c407c2cedff20999df2af8eb42d56 -> 
  custom:framework-win-MediaFoundation: 216162199b28c13a410421893ffa2e32 -> 
  custom:container-demuxer-ogg: 62fdf1f143b41e24485cea50d1cbac27 -> 
  custom:video-decoder-webm-vp8: 9c59270c3fd7afecdb556c50c9e8de78 -> 
  custom:audio-decoder-ogg-vorbis: bf7c407c2cedff20999df2af8eb42d56 -> 
========================================================================
Received Import Request.
  Time since last request: 276338.825300 seconds.
  path: Assets/Scripts/GlobalRef.cs
  artifactKey: Guid(ea933dbda447ba546ba172f160931b49) Importer(815301076,1909f56bfc062723c751e8b465ee728b)
Start importing Assets/Scripts/GlobalRef.cs using Guid(ea933dbda447ba546ba172f160931b49) Importer(815301076,1909f56bfc062723c751e8b465ee728b)  -> (artifact id: '57accdc7a3cbd6f1cd81445308bdcf59') in 0.030291 seconds 
========================================================================
Received Import Request.
  Time since last request: 3.312334 seconds.
  path: Assets/Scripts/Interactable.cs
  artifactKey: Guid(4454aa2e824624e4d959d72bbd286ad3) Importer(815301076,1909f56bfc062723c751e8b465ee728b)
Start importing Assets/Scripts/Interactable.cs using Guid(4454aa2e824624e4d959d72bbd286ad3) Importer(815301076,1909f56bfc062723c751e8b465ee728b)  -> (artifact id: '89902a8ec868dda41725d17a0d991d87') in 0.008581 seconds 
========================================================================
Received Import Request.
  Time since last request: 174.560384 seconds.
  path: Assets/Low Poly Weapons VOL.1
  artifactKey: Guid(e9c42594e32aeb241887e945f74dd37f) Importer(815301076,1909f56bfc062723c751e8b465ee728b)
Start importing Assets/Low Poly Weapons VOL.1 using Guid(e9c42594e32aeb241887e945f74dd37f) Importer(815301076,1909f56bfc062723c751e8b465ee728b)  -> (artifact id: 'f58f9c50e9a0dabb7375bc6edae87277') in 0.044755 seconds 
========================================================================
Received Import Request.
  Time since last request: 0.497318 seconds.
  path: Assets/Low Poly Weapons VOL.1/Gun_MAT.mat
  artifactKey: Guid(28f0b13c7e9707746b5e0b3336181560) Importer(815301076,1909f56bfc062723c751e8b465ee728b)
Start importing Assets/Low Poly Weapons VOL.1/Gun_MAT.mat using Guid(28f0b13c7e9707746b5e0b3336181560) Importer(815301076,1909f56bfc062723c751e8b465ee728b)  -> (artifact id: '660e246fed87d0012ceee95fbb5e872e') in 0.263840 seconds 
========================================================================
Received Import Request.
  Time since last request: 1.345553 seconds.
  path: Assets/Low Poly Weapons VOL.1/Models
  artifactKey: Guid(c2ea3f448776c9645ba9ffd49106fa9a) Importer(815301076,1909f56bfc062723c751e8b465ee728b)
Start importing Assets/Low Poly Weapons VOL.1/Models using Guid(c2ea3f448776c9645ba9ffd49106fa9a) Importer(815301076,1909f56bfc062723c751e8b465ee728b)  -> (artifact id: '55e2b36c06e0bd49f855749e34ca9edb') in 0.006979 seconds 
========================================================================
Received Import Request.
  Time since last request: 0.064277 seconds.
  path: Assets/Low Poly Weapons VOL.1/Models/AK74.fbx
  artifactKey: Guid(6f966b9a7c817ed49973b4a8762cbbdf) Importer(815301076,1909f56bfc062723c751e8b465ee728b)
Start importing Assets/Low Poly Weapons VOL.1/Models/AK74.fbx using Guid(6f966b9a7c817ed49973b4a8762cbbdf) Importer(815301076,1909f56bfc062723c751e8b465ee728b)  -> (artifact id: '24d1010e5d96341662e504a81dfcee8d') in 0.116399 seconds 
========================================================================
Received Import Request.
  Time since last request: 0.000021 seconds.
  path: Assets/Low Poly Weapons VOL.1/Models/RPG7.fbx
  artifactKey: Guid(4e5ce0b6f97fdbc40b7bc818b06b80ba) Importer(815301076,1909f56bfc062723c751e8b465ee728b)
Start importing Assets/Low Poly Weapons VOL.1/Models/RPG7.fbx using Guid(4e5ce0b6f97fdbc40b7bc818b06b80ba) Importer(815301076,1909f56bfc062723c751e8b465ee728b)  -> (artifact id: 'a02254b838fc53c159cdc635eb50eede') in 0.056099 seconds 
========================================================================
Received Import Request.
  Time since last request: 0.000026 seconds.
  path: Assets/Low Poly Weapons VOL.1/Models/M4_8.fbx
  artifactKey: Guid(c7741850eebe1df4ea75a80275b16311) Importer(815301076,1909f56bfc062723c751e8b465ee728b)
Start importing Assets/Low Poly Weapons VOL.1/Models/M4_8.fbx using Guid(c7741850eebe1df4ea75a80275b16311) Importer(815301076,1909f56bfc062723c751e8b465ee728b)  -> (artifact id: '96677b870437836bc8e6d4f64ff259ca') in 0.092394 seconds 
========================================================================
Received Import Request.
  Time since last request: 0.000028 seconds.
  path: Assets/Low Poly Weapons VOL.1/Models/Flash.fbx
  artifactKey: Guid(0463b32f3348438449af40d60686807b) Importer(815301076,1909f56bfc062723c751e8b465ee728b)
Start importing Assets/Low Poly Weapons VOL.1/Models/Flash.fbx using Guid(0463b32f3348438449af40d60686807b) Importer(815301076,1909f56bfc062723c751e8b465ee728b)  -> (artifact id: '4e0ca0ba31414b108bcac2c5db25d41d') in 0.054851 seconds 
========================================================================
Received Import Request.
  Time since last request: 0.000040 seconds.
  path: Assets/Low Poly Weapons VOL.1/Models/Smoke.fbx
  artifactKey: Guid(fdd9b790eff3ea74d9c1ccf2c0db76bb) Importer(815301076,1909f56bfc062723c751e8b465ee728b)
Start importing Assets/Low Poly Weapons VOL.1/Models/Smoke.fbx using Guid(fdd9b790eff3ea74d9c1ccf2c0db76bb) Importer(815301076,1909f56bfc062723c751e8b465ee728b)  -> (artifact id: '6b3933022901be2291263ac8974b8f53') in 0.056116 seconds 
========================================================================
Received Import Request.
  Time since last request: 0.000033 seconds.
  path: Assets/Low Poly Weapons VOL.1/Models/RGD-5.fbx
  artifactKey: Guid(cecca25c94780ca428d51ab9f5894270) Importer(815301076,1909f56bfc062723c751e8b465ee728b)
Start importing Assets/Low Poly Weapons VOL.1/Models/RGD-5.fbx using Guid(cecca25c94780ca428d51ab9f5894270) Importer(815301076,1909f56bfc062723c751e8b465ee728b)  -> (artifact id: '57fef7b65bbbf3ea13429224d708356e') in 0.054702 seconds 
========================================================================
Received Import Request.
  Time since last request: 0.000038 seconds.
  path: Assets/Low Poly Weapons VOL.1/Models/Uzi.fbx
  artifactKey: Guid(ff8c9f278b5bc8e4c894e1122f4a81f3) Importer(815301076,1909f56bfc062723c751e8b465ee728b)
Start importing Assets/Low Poly Weapons VOL.1/Models/Uzi.fbx using Guid(ff8c9f278b5bc8e4c894e1122f4a81f3) Importer(815301076,1909f56bfc062723c751e8b465ee728b)  -> (artifact id: 'cf0350e25a1ffe746cd045cfc8608639') in 0.092775 seconds 
========================================================================
Received Import Request.
  Time since last request: 0.000032 seconds.
  path: Assets/Low Poly Weapons VOL.1/Models/M249.fbx
  artifactKey: Guid(01890195b95a26f4fa4aa4f8f5a0cc5e) Importer(815301076,1909f56bfc062723c751e8b465ee728b)
Start importing Assets/Low Poly Weapons VOL.1/Models/M249.fbx using Guid(01890195b95a26f4fa4aa4f8f5a0cc5e) Importer(815301076,1909f56bfc062723c751e8b465ee728b)  -> (artifact id: '3303de03e94840ba3a36f4822d2c513c') in 0.071596 seconds 
========================================================================
Received Import Request.
  Time since last request: 0.000153 seconds.
  path: Assets/Low Poly Weapons VOL.1/Models/M1911.fbx
  artifactKey: Guid(b812e42521a5a27499e76cc5ed56e3ac) Importer(815301076,1909f56bfc062723c751e8b465ee728b)
Start importing Assets/Low Poly Weapons VOL.1/Models/M1911.fbx using Guid(b812e42521a5a27499e76cc5ed56e3ac) Importer(815301076,1909f56bfc062723c751e8b465ee728b)  -> (artifact id: '976545062ae59e1d999e6aee4ac1590c') in 0.059066 seconds 
========================================================================
Received Import Request.
  Time since last request: 27.146162 seconds.
  path: Assets/Matirals/StoneBulletHole.mat
  artifactKey: Guid(b412a46cf20a19b419db8c2a236573ad) Importer(815301076,1909f56bfc062723c751e8b465ee728b)
Start importing Assets/Matirals/StoneBulletHole.mat using Guid(b412a46cf20a19b419db8c2a236573ad) Importer(815301076,1909f56bfc062723c751e8b465ee728b)  -> (artifact id: '4931128bc4c81a29f3ad55fe1ccd7797') in 0.021182 seconds 
========================================================================
Received Import Request.
  Time since last request: 3.068446 seconds.
  path: Assets/Low Poly Weapons VOL.1/Prefabs/AK74.prefab
  artifactKey: Guid(ee329c3cd08e58645834d20702d7f6c6) Importer(815301076,1909f56bfc062723c751e8b465ee728b)
Start importing Assets/Low Poly Weapons VOL.1/Prefabs/AK74.prefab using Guid(ee329c3cd08e58645834d20702d7f6c6) Importer(815301076,1909f56bfc062723c751e8b465ee728b)  -> (artifact id: '197446e5e75196879d8a7a1162828109') in 0.031190 seconds 
========================================================================
Received Import Request.
  Time since last request: 0.000022 seconds.
  path: Assets/Low Poly Weapons VOL.1/Prefabs/M2_50cal.prefab
  artifactKey: Guid(3077a2b322d12b94c975bb1c7b2993fb) Importer(815301076,1909f56bfc062723c751e8b465ee728b)
Start importing Assets/Low Poly Weapons VOL.1/Prefabs/M2_50cal.prefab using Guid(3077a2b322d12b94c975bb1c7b2993fb) Importer(815301076,1909f56bfc062723c751e8b465ee728b)  -> (artifact id: '6eb79a6ed68a689b5771c0d0d844c1ef') in 0.032435 seconds 
========================================================================
Received Import Request.
  Time since last request: 0.000035 seconds.
  path: Assets/Low Poly Weapons VOL.1/Prefabs/SR_Scope_00.prefab
  artifactKey: Guid(cb825447b7c1ef442a049949c3f95ba7) Importer(815301076,1909f56bfc062723c751e8b465ee728b)
Start importing Assets/Low Poly Weapons VOL.1/Prefabs/SR_Scope_00.prefab using Guid(cb825447b7c1ef442a049949c3f95ba7) Importer(815301076,1909f56bfc062723c751e8b465ee728b)  -> (artifact id: '625fb521696293aa4285853350029a6d') in 0.032954 seconds 
========================================================================
Received Import Request.
  Time since last request: 0.000028 seconds.
  path: Assets/Low Poly Weapons VOL.1/Prefabs/Flash.prefab
  artifactKey: Guid(c0f110e4459b675489b7db1e686d5bc3) Importer(815301076,1909f56bfc062723c751e8b465ee728b)
Start importing Assets/Low Poly Weapons VOL.1/Prefabs/Flash.prefab using Guid(c0f110e4459b675489b7db1e686d5bc3) Importer(815301076,1909f56bfc062723c751e8b465ee728b)  -> (artifact id: 'cd1803af8b4335f5678f78537153b63d') in 0.026210 seconds 
========================================================================
Received Import Request.
  Time since last request: 0.000039 seconds.
  path: Assets/Low Poly Weapons VOL.1/Prefabs/RGD-5.prefab
  artifactKey: Guid(5a2bf64643e1fb0439ea39c0fc9b00ff) Importer(815301076,1909f56bfc062723c751e8b465ee728b)
Start importing Assets/Low Poly Weapons VOL.1/Prefabs/RGD-5.prefab using Guid(5a2bf64643e1fb0439ea39c0fc9b00ff) Importer(815301076,1909f56bfc062723c751e8b465ee728b)  -> (artifact id: '747f8d4fe8e066e183ec1cb919a01289') in 0.027850 seconds 
========================================================================
Received Import Request.
  Time since last request: 0.000031 seconds.
  path: Assets/Low Poly Weapons VOL.1/Prefabs/M4_8.prefab
  artifactKey: Guid(689946d975a0e55449b1e7ae41933e73) Importer(815301076,1909f56bfc062723c751e8b465ee728b)
Start importing Assets/Low Poly Weapons VOL.1/Prefabs/M4_8.prefab using Guid(689946d975a0e55449b1e7ae41933e73) Importer(815301076,1909f56bfc062723c751e8b465ee728b)  -> (artifact id: '98953227fc91173284733f7adbfad2d4') in 0.027830 seconds 
========================================================================
Received Import Request.
  Time since last request: 0.000033 seconds.
  path: Assets/Low Poly Weapons VOL.1/Prefabs/RPG7.prefab
  artifactKey: Guid(02baef62b1bfedf40bb369fb7542b9e7) Importer(815301076,1909f56bfc062723c751e8b465ee728b)
Start importing Assets/Low Poly Weapons VOL.1/Prefabs/RPG7.prefab using Guid(02baef62b1bfedf40bb369fb7542b9e7) Importer(815301076,1909f56bfc062723c751e8b465ee728b)  -> (artifact id: '77b3036c2e7d19257441b22005aa653a') in 0.026639 seconds 
Editor requested this worker to shutdown with reason: Scaling down because of idle timeout
AssetImportWorker is now disconnected from the server
Process exiting
Exiting without the bug reporter. Application will terminate with return code 0